2026-06-21 06:51:31,161 : root : INFO : LOGGING SYSTEM INITIALIZED.
2026-06-21 06:51:31,161 : __main__ : INFO : Program started
2026-06-21 07:11:10,453 : root : INFO : LOGGING SYSTEM INITIALIZED.
2026-06-21 07:11:10,453 : __main__ : INFO : Program started
2026-06-21 07:11:18,268 : __main__ : INFO : User Ihsan logged in
2026-06-21 07:11:18,268 : menu : INFO : Menu system
2026-06-21 07:11:18,268 : menu : INFO : Main menu started
2026-06-21 07:11:26,624 : menu : INFO : User selected Part settings
2026-06-21 07:11:32,008 : menu : INFO : User selected Add part
2026-06-21 12:20:51,019 : root : INFO : LOGGING SYSTEM INITIALIZED.
2026-06-21 12:20:51,050 : __main__ : INFO : Program started
2026-06-21 12:20:51,082 : __main__ : INFO : User Ihsan logged in
2026-06-21 12:20:51,216 : part_manager : INFO : Loaded 0 part configurations
2026-06-21 12:22:19,576 : root : INFO : LOGGING SYSTEM INITIALIZED.
2026-06-21 12:22:19,580 : __main__ : INFO : Program started
2026-06-21 12:22:19,601 : __main__ : INFO : User Ihsan logged in
2026-06-21 12:22:19,616 : part_manager : INFO : Loaded 0 part configurations
2026-06-21 12:22:19,624 : menu : INFO : Menu system
2026-06-21 12:38:09,410 : part_manager : INFO : Part config added: oil filter
2026-06-22 13:12:52,298 : root : INFO : LOGGING SYSTEM INITIALIZED.
2026-06-22 13:12:52,310 : __main__ : INFO : Program started
2026-06-22 13:12:52,351 : __main__ : INFO : User Ihsan logged in
2026-06-22 13:12:52,375 : part_manager : INFO : Loaded 1 part configurations
2026-06-22 13:12:52,378 : menu : INFO : Menu system
2026-06-22 13:13:39,051 : car_ui : INFO : User added car: 
2026-06-22 13:24:09,614 : root : INFO : LOGGING SYSTEM INITIALIZED.
2026-06-22 13:24:09,615 : __main__ : INFO : Program started
2026-06-22 13:24:09,628 : __main__ : INFO : User Ihsan logged in
2026-06-22 13:24:09,642 : part_manager : INFO : Loaded 1 part configurations
2026-06-22 13:25:10,246 : root : INFO : LOGGING SYSTEM INITIALIZED.
2026-06-22 13:25:10,254 : __main__ : INFO : Program started
2026-06-22 13:25:10,278 : __main__ : INFO : User Ihsan logged in
2026-06-22 13:25:10,285 : part_manager : INFO : Loaded 1 part configurations
2026-06-23 13:28:40,885 : root : INFO : LOGGING SYSTEM INITIALIZED.
2026-06-23 13:28:40,913 : __main__ : INFO : Program started
2026-06-23 13:28:40,971 : __main__ : INFO : User Ihsan logged in
2026-06-23 13:28:40,995 : part_manager : INFO : Loaded 1 part configurations
2026-06-23 13:38:47,234 : root : INFO : LOGGING SYSTEM INITIALIZED.
2026-06-23 13:38:47,292 : __main__ : INFO : Program started
2026-06-23 13:38:47,383 : __main__ : INFO : User Ihsan logged in
2026-06-23 13:38:47,452 : part_manager : INFO : Loaded 1 part configurations
2026-06-23 13:39:11,637 : root : INFO : LOGGING SYSTEM INITIALIZED.
2026-06-23 13:39:11,646 : __main__ : INFO : Program started
2026-06-23 13:39:11,664 : __main__ : INFO : User Ihsan logged in
2026-06-23 13:39:11,679 : part_manager : INFO : Loaded 1 part configurations
2026-06-23 13:39:12,071 : car_manager : INFO : Loaded 0 vehicles for user Ihsan
2026-06-23 13:39:12,079 : menu : INFO : Menu system
2026-06-23 13:39:21,318 : car_manager : INFO : Car added: 1122
2026-06-23 13:39:21,320 : car_ui : INFO : User added car: 1122
2026-06-23 13:45:34,292 : root : INFO : LOGGING SYSTEM INITIALIZED.
2026-06-23 13:45:34,294 : __main__ : INFO : Program started
2026-06-23 13:45:34,299 : __main__ : INFO : User Ihsan logged in
2026-06-23 13:45:34,308 : part_manager : INFO : Loaded 1 part configurations
2026-06-23 13:45:34,321 : car_manager : INFO : Loaded 1 vehicles for user Ihsan
2026-06-23 13:45:34,324 : menu : INFO : Menu system
2026-06-23 13:46:28,536 : car_manager : INFO : KM updated for 1122: 78 → 79
2026-06-23 13:46:28,537 : car_ui : INFO : User updated KM for 1122 to 79
2026-06-23 13:46:50,473 : car_manager : INFO : Car deleted: 1122
2026-06-23 13:46:50,474 : car_ui : INFO : User deleted car: 1122
2026-06-23 13:51:13,102 : root : INFO : LOGGING SYSTEM INITIALIZED.
2026-06-23 13:51:13,119 : __main__ : INFO : Program started
2026-06-23 13:51:13,156 : __main__ : INFO : User Ihsan logged in
2026-06-23 13:51:13,199 : part_manager : INFO : Loaded 1 part configurations
2026-06-23 13:51:13,221 : car_manager : INFO : Loaded 0 vehicles for user Ihsan
2026-06-23 13:51:13,225 : menu : INFO : Menu system
2026-06-23 13:51:33,873 : car_manager : INFO : Car added: 1122
2026-06-23 13:51:33,874 : car_ui : INFO : User added car: 1122
2026-06-23 15:21:04,405 : root : INFO : LOGGING SYSTEM INITIALIZED.
2026-06-23 15:21:04,433 : __main__ : INFO : Program started
2026-06-23 15:21:04,538 : __main__ : INFO : User Ihsan logged in
2026-06-23 15:21:04,547 : part_manager : INFO : Loaded 1 part configurations
2026-06-23 15:21:04,564 : car_manager : INFO : Loaded 1 vehicles for user Ihsan
2026-06-23 15:21:44,863 : root : INFO : LOGGING SYSTEM INITIALIZED.
2026-06-23 15:21:44,869 : __main__ : INFO : Program started
2026-06-23 15:21:44,890 : __main__ : INFO : User Ihsan logged in
2026-06-23 15:21:44,902 : part_manager : INFO : Loaded 1 part configurations
2026-06-23 15:21:44,911 : car_manager : INFO : Loaded 1 vehicles for user Ihsan
2026-06-23 15:21:46,884 : root : INFO : LOGGING SYSTEM INITIALIZED.
2026-06-23 15:21:46,892 : __main__ : INFO : Program started
2026-06-23 15:21:46,915 : __main__ : INFO : User Ihsan logged in
2026-06-23 15:21:46,928 : part_manager : INFO : Loaded 1 part configurations
2026-06-23 15:21:46,944 : car_manager : INFO : Loaded 1 vehicles for user Ihsan
2026-06-23 15:21:48,698 : root : INFO : LOGGING SYSTEM INITIALIZED.
2026-06-23 15:21:48,705 : __main__ : INFO : Program started
2026-06-23 15:21:48,734 : __main__ : INFO : User Ihsan logged in
2026-06-23 15:21:48,749 : part_manager : INFO : Loaded 1 part configurations
2026-06-23 15:21:48,770 : car_manager : INFO : Loaded 1 vehicles for user Ihsan
2026-06-23 15:21:50,102 : root : INFO : LOGGING SYSTEM INITIALIZED.
2026-06-23 15:21:50,111 : __main__ : INFO : Program started
2026-06-23 15:21:50,139 : __main__ : INFO : User Ihsan logged in
2026-06-23 15:21:50,152 : part_manager : INFO : Loaded 1 part configurations
2026-06-23 15:21:50,173 : car_manager : INFO : Loaded 1 vehicles for user Ihsan
2026-06-23 15:21:52,024 : root : INFO : LOGGING SYSTEM INITIALIZED.
2026-06-23 15:21:52,033 : __main__ : INFO : Program started
2026-06-23 15:21:52,054 : __main__ : INFO : User Ihsan logged in
2026-06-23 15:21:52,075 : part_manager : INFO : Loaded 1 part configurations
2026-06-23 15:21:52,098 : car_manager : INFO : Loaded 1 vehicles for user Ihsan
2026-06-23 15:21:54,037 : root : INFO : LOGGING SYSTEM INITIALIZED.
2026-06-23 15:21:54,044 : __main__ : INFO : Program started
2026-06-23 15:21:54,057 : __main__ : INFO : User Ihsan logged in
2026-06-23 15:21:54,068 : part_manager : INFO : Loaded 1 part configurations
2026-06-23 15:21:54,081 : car_manager : INFO : Loaded 1 vehicles for user Ihsan
2026-06-23 15:21:55,758 : root : INFO : LOGGING SYSTEM INITIALIZED.
2026-06-23 15:21:55,767 : __main__ : INFO : Program started
2026-06-23 15:21:55,787 : __main__ : INFO : User Ihsan logged in
2026-06-23 15:21:55,798 : part_manager : INFO : Loaded 1 part configurations
2026-06-23 15:21:55,815 : car_manager : INFO : Loaded 1 vehicles for user Ihsan
2026-06-23 15:21:57,648 : root : INFO : LOGGING SYSTEM INITIALIZED.
2026-06-23 15:21:57,653 : __main__ : INFO : Program started
2026-06-23 15:21:57,670 : __main__ : INFO : User Ihsan logged in
2026-06-23 15:21:57,679 : part_manager : INFO : Loaded 1 part configurations
2026-06-23 15:21:57,689 : car_manager : INFO : Loaded 1 vehicles for user Ihsan
2026-06-23 15:25:07,438 : root : INFO : LOGGING SYSTEM INITIALIZED.
2026-06-23 15:25:07,447 : __main__ : INFO : Program started
2026-06-23 15:25:07,461 : __main__ : INFO : User Ihsan logged in
2026-06-23 15:25:07,472 : part_manager : INFO : Loaded 1 part configurations
2026-06-23 15:25:07,485 : car_manager : INFO : Loaded 1 vehicles for user Ihsan
2026-06-23 15:25:07,752 : menu : INFO : Menu system
2026-06-23 15:32:22,754 : root : INFO : LOGGING SYSTEM INITIALIZED.
2026-06-23 15:32:22,762 : __main__ : INFO : Program started
2026-06-23 15:32:22,790 : __main__ : INFO : User Ihsan logged in
2026-06-23 15:32:22,806 : part_manager : INFO : Loaded 1 part configurations
2026-06-23 15:32:22,829 : car_manager : INFO : Loaded 1 vehicles for user Ihsan
2026-06-23 15:32:22,855 : menu : INFO : Menu system
2026-06-23 15:33:09,382 : maintenance_manager : INFO : oil filter added for 1122
